[04:47:17] [main/INFO]: Using mbed TLS based native cipher.
[04:47:17] [main/INFO]: Using zlib based native compressor.
[04:47:17] [main/INFO]: Enabled Waterfall version git:Waterfall-Bootstrap:1.16-R0.2-SNAPSHOT:9f8a692:362
[04:47:17] [main/INFO]: Not on Windows, attempting to use enhanced EpollEventLoop
[04:47:17] [main/INFO]: Epoll is working, utilising it!
[04:47:17] [main/INFO]: Discovered module: ModuleSpec(name=cmd_alert, file=modules/cmd_alert.jar, provider=JenkinsModuleSource())
[04:47:17] [main/INFO]: Discovered module: ModuleSpec(name=cmd_find, file=modules/cmd_find.jar, provider=JenkinsModuleSource())
[04:47:17] [main/INFO]: Discovered module: ModuleSpec(name=cmd_list, file=modules/cmd_list.jar, provider=JenkinsModuleSource())
[04:47:17] [main/INFO]: Discovered module: ModuleSpec(name=cmd_send, file=modules/cmd_send.jar, provider=JenkinsModuleSource())
[04:47:17] [main/INFO]: Discovered module: ModuleSpec(name=cmd_server, file=modules/cmd_server.jar, provider=JenkinsModuleSource())
[04:47:17] [main/INFO]: Discovered module: ModuleSpec(name=reconnect_yaml, file=modules/reconnect_yaml.jar, provider=JenkinsModuleSource())
[04:47:17] [main/INFO]: Attempting to update plugin from ModuleVersion(build=346, git=2615829) to ModuleVersion(build=362, git=9f8a692)
[04:47:17] [main/INFO]: Attempting to Jenkins download module cmd_alert v362
[04:47:18] [main/INFO]: Download complete
[04:47:18] [main/INFO]: Attempting to update plugin from ModuleVersion(build=346, git=2615829) to ModuleVersion(build=362, git=9f8a692)
[04:47:18] [main/INFO]: Attempting to Jenkins download module cmd_find v362
[04:47:18] [main/INFO]: Download complete
[04:47:18] [main/INFO]: Attempting to update plugin from ModuleVersion(build=346, git=2615829) to ModuleVersion(build=362, git=9f8a692)
[04:47:18] [main/INFO]: Attempting to Jenkins download module cmd_list v362
[04:47:18] [main/INFO]: Download complete
[04:47:18] [main/INFO]: Attempting to update plugin from ModuleVersion(build=346, git=2615829) to ModuleVersion(build=362, git=9f8a692)
[04:47:18] [main/INFO]: Attempting to Jenkins download module cmd_send v362
[04:47:18] [main/INFO]: Download complete
[04:47:18] [main/INFO]: Attempting to update plugin from ModuleVersion(build=346, git=2615829) to ModuleVersion(build=362, git=9f8a692)
[04:47:18] [main/INFO]: Attempting to Jenkins download module cmd_server v362
[04:47:18] [main/INFO]: Download complete
[04:47:18] [main/INFO]: Attempting to update plugin from ModuleVersion(build=346, git=2615829) to ModuleVersion(build=362, git=9f8a692)
[04:47:18] [main/INFO]: Attempting to Jenkins download module reconnect_yaml v362
[04:47:18] [main/INFO]: Download complete
[04:47:18] [main/INFO]: Loaded plugin reconnect_yaml version git:reconnect_yaml:1.16-R0.2-SNAPSHOT:9f8a692:362 by WaterfallMC
[04:47:18] [main/INFO]: Loaded plugin cmd_find version git:cmd_find:1.16-R0.2-SNAPSHOT:9f8a692:362 by WaterfallMC
[04:47:18] [main/INFO]: Loaded plugin cmd_server version git:cmd_server:1.16-R0.2-SNAPSHOT:9f8a692:362 by WaterfallMC
[04:47:18] [main/INFO]: Loaded plugin cmd_alert version git:cmd_alert:1.16-R0.2-SNAPSHOT:9f8a692:362 by WaterfallMC
[04:47:18] [main/INFO]: Loaded plugin cmd_send version git:cmd_send:1.16-R0.2-SNAPSHOT:9f8a692:362 by WaterfallMC
[04:47:18] [main/INFO]: Loaded plugin cmd_list version git:cmd_list:1.16-R0.2-SNAPSHOT:9f8a692:362 by WaterfallMC
[04:47:18] [main/WARN]: Forced host server pvp is not defined
[04:47:18] [main/INFO]: Enabled plugin reconnect_yaml version git:reconnect_yaml:1.16-R0.2-SNAPSHOT:9f8a692:362 by WaterfallMC
[04:47:18] [main/INFO]: Enabled plugin cmd_find version git:cmd_find:1.16-R0.2-SNAPSHOT:9f8a692:362 by WaterfallMC
[04:47:18] [main/INFO]: Enabled plugin cmd_server version git:cmd_server:1.16-R0.2-SNAPSHOT:9f8a692:362 by WaterfallMC
[04:47:18] [main/INFO]: Enabled plugin cmd_alert version git:cmd_alert:1.16-R0.2-SNAPSHOT:9f8a692:362 by WaterfallMC
[04:47:18] [main/INFO]: Enabled plugin cmd_send version git:cmd_send:1.16-R0.2-SNAPSHOT:9f8a692:362 by WaterfallMC
[04:47:18] [main/INFO]: Enabled plugin cmd_list version git:cmd_list:1.16-R0.2-SNAPSHOT:9f8a692:362 by WaterfallMC
[04:47:18] [main/WARN] [io.netty.util.internal.MacAddressUtil]: Failed to find a usable hardware address from the network interfaces; using random bytes: 1c:4a:9e:db:28:78:ea:32
[04:47:18] [Netty Boss IO Thread #0/INFO]: Listening on /0.0.0.0:25565
[04:54:10] [Netty Worker IO Thread #0/INFO]: [/59.149.132.168:61430] <-> InitialHandler has connected
[04:54:11] [Netty Worker IO Thread #0/INFO]: [AI_Asada_Sinon|/59.149.132.168:61430] <-> ServerConnector [lobby] has connected
[04:54:18] [Netty Worker IO Thread #0/INFO]: [AI_Asada_Sinon|/59.149.132.168:61430] <-> ServerConnector [main] has connected
[04:54:18] [Netty Worker IO Thread #0/INFO]: [/59.149.132.168:61430|AI_Asada_Sinon] <-> DownstreamBridge <-> [lobby] has disconnected
[05:13:20] [Netty Worker IO Thread #0/INFO]: [/59.149.132.168:61430|AI_Asada_Sinon] -> UpstreamBridge has disconnected
[05:13:20] [Netty Worker IO Thread #0/INFO]: [/59.149.132.168:61430|AI_Asada_Sinon] <-> DownstreamBridge <-> [main] has disconnected
[05:13:59] [Netty Worker IO Thread #7/INFO]: [/59.149.132.168:61602] <-> InitialHandler has connected
[05:14:00] [Netty Worker IO Thread #7/INFO]: [AI_Asada_Sinon|/59.149.132.168:61602] <-> ServerConnector [main] has connected
